<?xml version="1.0" encoding="UTF-8"?>
<!-- Generated by org.testng.reporters.JUnitXMLReporter -->
<testsuite hostname="WFHW42NLPC0436" ignored="0" name="Default test" tests="2" failures="0" timestamp="2020-10-30T12:54:49 IST" time="21.222" errors="0">
  <testcase name="testWriteProductInfoInTextFile" time="3.251" classname="com.thinkitive.ThinkitiveTest.test.TestAssignment2"/>
  <testcase name="getProductWithHighestPrice" time="6.46" classname="com.thinkitive.ThinkitiveTest.test.TestAssignment2"/>
</testsuite> <!-- Default test -->
