<?xml version="1.0" encoding="UTF-8"?>
<!-- Generated by org.testng.reporters.JUnitXMLReporter -->
<testsuite hostname="WFHW42NLPC0436" ignored="0" name="Default test" tests="2" failures="0" timestamp="2020-10-25T17:59:08 IST" time="20.768" errors="0">
  <testcase name="test1" time="6.844" classname="com.thinkitive.ThinkitiveTest.test.TestAssignment2"/>
  <testcase name="getProductWithHighestPrice" time="1.917" classname="com.thinkitive.ThinkitiveTest.test.TestAssignment2"/>
</testsuite> <!-- Default test -->
