<?xml version="1.0" encoding="UTF-8"?>
<!-- Generated by org.testng.reporters.JUnitXMLReporter -->
<testsuite hostname="WFHW42NLPC0436" ignored="0" name="Test" tests="1" failures="1" timestamp="2020-10-25T17:35:36 IST" time="32.282" errors="0">
  <testcase name="test1" time="11.312" classname="com.thinkitive.ThinkitiveTest.test.TestAssignment2">
    <failure type="java.lang.NoSuchFieldError" message="selectElementFromDropdown">
      <![CDATA[java.lang.NoSuchFieldError: selectElementFromDropdown
at com.thinkitive.ThinkitiveTest.test.TestAssignment2.test1(TestAssignment2.java:45)
at java.util.ArrayList.forEach(Unknown Source)
... Removed 27 stack frames]]>
    </failure>
  </testcase> <!-- test1 -->
</testsuite> <!-- Test -->
