<?xml version="1.0" encoding="UTF-8"?>
<testng-results skipped="0" failed="0" ignored="0" total="2" passed="2">
  <reporter-output>
  </reporter-output>
  <suite name="Default suite" duration-ms="21222" started-at="2020-10-30T12:54:28 IST" finished-at="2020-10-30T12:54:49 IST">
    <groups>
    </groups>
    <test name="Default test" duration-ms="21222" started-at="2020-10-30T12:54:28 IST" finished-at="2020-10-30T12:54:49 IST">
      <class name="com.thinkitive.ThinkitiveTest.test.TestAssignment2">
        <test-method status="PASS" signature="openBroser()[pri:0, instance:com.thinkitive.ThinkitiveTest.test.TestAssignment2@71bbf57e]" name="openBroser" is-config="true" duration-ms="11459" started-at="2020-10-30T12:54:28 IST" finished-at="2020-10-30T12:54:40 IST">
          <reporter-output>
          </reporter-output>
        </test-method> <!-- openBroser -->
        <test-method status="PASS" signature="testWriteProductInfoInTextFile()[pri:0, instance:com.thinkitive.ThinkitiveTest.test.TestAssignment2@71bbf57e]" name="testWriteProductInfoInTextFile" duration-ms="3251" started-at="2020-10-30T12:54:40 IST" finished-at="2020-10-30T12:54:43 IST">
          <reporter-output>
          </reporter-output>
        </test-method> <!-- testWriteProductInfoInTextFile -->
        <test-method status="PASS" signature="getProductWithHighestPrice()[pri:0, instance:com.thinkitive.ThinkitiveTest.test.TestAssignment2@71bbf57e]" name="getProductWithHighestPrice" duration-ms="6460" started-at="2020-10-30T12:54:43 IST" depends-on-methods="com.thinkitive.ThinkitiveTest.test.TestAssignment2.testWriteProductInfoInTextFile" finished-at="2020-10-30T12:54:49 IST">
          <reporter-output>
          </reporter-output>
        </test-method> <!-- getProductWithHighestPrice -->
      </class> <!-- com.thinkitive.ThinkitiveTest.test.TestAssignment2 -->
    </test> <!-- Default test -->
  </suite> <!-- Default suite -->
</testng-results>
